This is pdfTeX, Version 3.14159265-2.6-1.40.18 (MiKTeX 2.9.6500 64-bit) (preloaded format=pdflatex 2017.11.19)  30 SEP 2018 19:51
entering extended mode
**"./problem set 3.tex"
("problem set 3.tex"
LaTeX2e <2017-04-15>
Babel <3.15> and hyphenation patterns for 75 language(s) loaded.
("C:\Program Files\MiKTeX 2.9\tex\latex\base\article.cls"
Document Class: article 2014/09/29 v1.4h Standard LaTeX document class
("C:\Program Files\MiKTeX 2.9\tex\latex\base\size10.clo"
File: size10.clo 2014/09/29 v1.4h Standard LaTeX file (size option)
)
\c@part=\count79
\c@section=\count80
\c@subsection=\count81
\c@subsubsection=\count82
\c@paragraph=\count83
\c@subparagraph=\count84
\c@figure=\count85
\c@table=\count86
\abovecaptionskip=\skip41
\belowcaptionskip=\skip42
\bibindent=\dimen102
)
("C:\Program Files\MiKTeX 2.9\tex\latex\amsmath\amsmath.sty"
Package: amsmath 2017/09/02 v2.17a AMS math features
\@mathmargin=\skip43

For additional information on amsmath, use the `?' option.
("C:\Program Files\MiKTeX 2.9\tex\latex\amsmath\amstext.sty"
Package: amstext 2000/06/29 v2.01 AMS text

("C:\Program Files\MiKTeX 2.9\tex\latex\amsmath\amsgen.sty"
File: amsgen.sty 1999/11/30 v2.0 generic functions
\@emptytoks=\toks14
\ex@=\dimen103
))
("C:\Program Files\MiKTeX 2.9\tex\latex\amsmath\amsbsy.sty"
Package: amsbsy 1999/11/29 v1.2d Bold Symbols
\pmbraise@=\dimen104
)
("C:\Program Files\MiKTeX 2.9\tex\latex\amsmath\amsopn.sty"
Package: amsopn 2016/03/08 v2.02 operator names
)
\inf@bad=\count87
LaTeX Info: Redefining \frac on input line 213.
\uproot@=\count88
\leftroot@=\count89
LaTeX Info: Redefining \overline on input line 375.
\classnum@=\count90
\DOTSCASE@=\count91
LaTeX Info: Redefining \ldots on input line 472.
LaTeX Info: Redefining \dots on input line 475.
LaTeX Info: Redefining \cdots on input line 596.
\Mathstrutbox@=\box26
\strutbox@=\box27
\big@size=\dimen105
LaTeX Font Info:    Redeclaring font encoding OML on input line 712.
LaTeX Font Info:    Redeclaring font encoding OMS on input line 713.
\macc@depth=\count92
\c@MaxMatrixCols=\count93
\dotsspace@=\muskip10
\c@parentequation=\count94
\dspbrk@lvl=\count95
\tag@help=\toks15
\row@=\count96
\column@=\count97
\maxfields@=\count98
\andhelp@=\toks16
\eqnshift@=\dimen106
\alignsep@=\dimen107
\tagshift@=\dimen108
\tagwidth@=\dimen109
\totwidth@=\dimen110
\lineht@=\dimen111
\@envbody=\toks17
\multlinegap=\skip44
\multlinetaggap=\skip45
\mathdisplay@stack=\toks18
LaTeX Info: Redefining \[ on input line 2817.
LaTeX Info: Redefining \] on input line 2818.
)
(C:\Users\Boy_314\AppData\Roaming\MiKTeX\2.9\tex\latex\wasysym\wasysym.sty
Package: wasysym 2003/10/30 v2.0 Wasy-2 symbol support package
\symwasy=\mathgroup4
LaTeX Font Info:    Overwriting symbol font `wasy' in version `bold'
(Font)                  U/wasy/m/n --> U/wasy/b/n on input line 90.
)
("C:\Program Files\MiKTeX 2.9\tex\latex\geometry\geometry.sty"
Package: geometry 2010/09/12 v5.6 Page Geometry

("C:\Program Files\MiKTeX 2.9\tex\latex\graphics\keyval.sty"
Package: keyval 2014/10/28 v1.15 key=value parser (DPC)
\KV@toks@=\toks19
)
("C:\Program Files\MiKTeX 2.9\tex\generic\oberdiek\ifpdf.sty"
Package: ifpdf 2017/03/15 v3.2 Provides the ifpdf switch
)
("C:\Program Files\MiKTeX 2.9\tex\generic\oberdiek\ifvtex.sty"
Package: ifvtex 2016/05/16 v1.6 Detect VTeX and its facilities (HO)
Package ifvtex Info: VTeX not detected.
)
("C:\Program Files\MiKTeX 2.9\tex\generic\ifxetex\ifxetex.sty"
Package: ifxetex 2010/09/12 v0.6 Provides ifxetex conditional
)
\Gm@cnth=\count99
\Gm@cntv=\count100
\c@Gm@tempcnt=\count101
\Gm@bindingoffset=\dimen112
\Gm@wd@mp=\dimen113
\Gm@odd@mp=\dimen114
\Gm@even@mp=\dimen115
\Gm@layoutwidth=\dimen116
\Gm@layoutheight=\dimen117
\Gm@layouthoffset=\dimen118
\Gm@layoutvoffset=\dimen119
\Gm@dimlist=\toks20

("C:\Program Files\MiKTeX 2.9\tex\latex\geometry\geometry.cfg"))
("C:\Program Files\MiKTeX 2.9\tex\latex\amscls\amsthm.sty"
Package: amsthm 2015/03/04 v2.20.2
\thm@style=\toks21
\thm@bodyfont=\toks22
\thm@headfont=\toks23
\thm@notefont=\toks24
\thm@headpunct=\toks25
\thm@preskip=\skip46
\thm@postskip=\skip47
\thm@headsep=\skip48
\dth@everypar=\toks26
)
(C:\Users\Boy_314\AppData\Roaming\MiKTeX\2.9\tex\latex\braket\braket.sty)
(C:\Users\Boy_314\AppData\Roaming\MiKTeX\2.9\tex\latex\microtype\microtype.sty
Package: microtype 2017/07/07 v2.7 Micro-typographical refinements (RS)
\MT@toks=\toks27
\MT@count=\count102
LaTeX Info: Redefining \textls on input line 789.
\MT@outer@kern=\dimen120
LaTeX Info: Redefining \textmicrotypecontext on input line 1334.
\MT@listname@count=\count103

(C:\Users\Boy_314\AppData\Roaming\MiKTeX\2.9\tex\latex\microtype\microtype-pdft
ex.def
File: microtype-pdftex.def 2017/07/07 v2.7 Definitions specific to pdftex (RS)
LaTeX Info: Redefining \lsstyle on input line 912.
LaTeX Info: Redefining \lslig on input line 912.
\MT@outer@space=\skip49
)
Package microtype Info: Loading configuration file microtype.cfg.

(C:\Users\Boy_314\AppData\Roaming\MiKTeX\2.9\tex\latex\microtype\microtype.cfg
File: microtype.cfg 2017/07/07 v2.7 microtype main configuration file (RS)
)) ("C:\Program Files\MiKTeX 2.9\tex\latex\amsfonts\amssymb.sty"
Package: amssymb 2013/01/14 v3.01 AMS font symbols

("C:\Program Files\MiKTeX 2.9\tex\latex\amsfonts\amsfonts.sty"
Package: amsfonts 2013/01/14 v3.01 Basic AMSFonts support
\symAMSa=\mathgroup5
\symAMSb=\mathgroup6
LaTeX Font Info:    Overwriting math alphabet `\mathfrak' in version `bold'
(Font)                  U/euf/m/n --> U/euf/b/n on input line 106.
))
(C:\Users\Boy_314\AppData\Roaming\MiKTeX\2.9\tex\latex\listings\listings.sty
\lst@mode=\count104
\lst@gtempboxa=\box28
\lst@token=\toks28
\lst@length=\count105
\lst@currlwidth=\dimen121
\lst@column=\count106
\lst@pos=\count107
\lst@lostspace=\dimen122
\lst@width=\dimen123
\lst@newlines=\count108
\lst@lineno=\count109
\lst@maxwidth=\dimen124

(C:\Users\Boy_314\AppData\Roaming\MiKTeX\2.9\tex\latex\listings\lstmisc.sty
File: lstmisc.sty 2015/06/04 1.6 (Carsten Heinz)
\c@lstnumber=\count110
\lst@skipnumbers=\count111
\lst@framebox=\box29
)
(C:\Users\Boy_314\AppData\Roaming\MiKTeX\2.9\tex\latex\listings\listings.cfg
File: listings.cfg 2015/06/04 1.6 listings configuration
))
Package: listings 2015/06/04 1.6 (Carsten Heinz)

(C:\Users\Boy_314\AppData\Roaming\MiKTeX\2.9\tex\latex\pgf\frontendlayer\tikz.s
ty
(C:\Users\Boy_314\AppData\Roaming\MiKTeX\2.9\tex\latex\pgf\basiclayer\pgf.sty
(C:\Users\Boy_314\AppData\Roaming\MiKTeX\2.9\tex\latex\pgf\utilities\pgfrcs.sty

(C:\Users\Boy_314\AppData\Roaming\MiKTeX\2.9\tex\generic\pgf\utilities\pgfutil-
common.tex
\pgfutil@everybye=\toks29
\pgfutil@tempdima=\dimen125
\pgfutil@tempdimb=\dimen126

(C:\Users\Boy_314\AppData\Roaming\MiKTeX\2.9\tex\generic\pgf\utilities\pgfutil-
common-lists.tex))
(C:\Users\Boy_314\AppData\Roaming\MiKTeX\2.9\tex\generic\pgf\utilities\pgfutil-
latex.def
\pgfutil@abb=\box30

(C:\Users\Boy_314\AppData\Roaming\MiKTeX\2.9\tex\latex\ms\everyshi.sty
Package: everyshi 2001/05/15 v3.00 EveryShipout Package (MS)
))
(C:\Users\Boy_314\AppData\Roaming\MiKTeX\2.9\tex\generic\pgf\utilities\pgfrcs.c
ode.tex
Package: pgfrcs 2015/08/07 v3.0.1a (rcs-revision 1.31)
))
Package: pgf 2015/08/07 v3.0.1a (rcs-revision 1.15)

(C:\Users\Boy_314\AppData\Roaming\MiKTeX\2.9\tex\latex\pgf\basiclayer\pgfcore.s
ty ("C:\Program Files\MiKTeX 2.9\tex\latex\graphics\graphicx.sty"
Package: graphicx 2017/06/01 v1.1a Enhanced LaTeX Graphics (DPC,SPQR)

("C:\Program Files\MiKTeX 2.9\tex\latex\graphics\graphics.sty"
Package: graphics 2017/06/25 v1.2c Standard LaTeX Graphics (DPC,SPQR)

("C:\Program Files\MiKTeX 2.9\tex\latex\graphics\trig.sty"
Package: trig 2016/01/03 v1.10 sin cos tan (DPC)
)
("C:\Program Files\MiKTeX 2.9\tex\latex\graphics-cfg\graphics.cfg"
File: graphics.cfg 2016/06/04 v1.11 sample graphics configuration
)
Package graphics Info: Driver file: pdftex.def on input line 99.

("C:\Program Files\MiKTeX 2.9\tex\latex\graphics-def\pdftex.def"
File: pdftex.def 2017/06/24 v1.0g Graphics/color driver for pdftex
))
\Gin@req@height=\dimen127
\Gin@req@width=\dimen128
)
(C:\Users\Boy_314\AppData\Roaming\MiKTeX\2.9\tex\latex\pgf\systemlayer\pgfsys.s
ty
(C:\Users\Boy_314\AppData\Roaming\MiKTeX\2.9\tex\generic\pgf\systemlayer\pgfsys
.code.tex
Package: pgfsys 2014/07/09 v3.0.1a (rcs-revision 1.48)

(C:\Users\Boy_314\AppData\Roaming\MiKTeX\2.9\tex\generic\pgf\utilities\pgfkeys.
code.tex
\pgfkeys@pathtoks=\toks30
\pgfkeys@temptoks=\toks31

(C:\Users\Boy_314\AppData\Roaming\MiKTeX\2.9\tex\generic\pgf\utilities\pgfkeysf
iltered.code.tex
\pgfkeys@tmptoks=\toks32
))
\pgf@x=\dimen129
\pgf@y=\dimen130
\pgf@xa=\dimen131
\pgf@ya=\dimen132
\pgf@xb=\dimen133
\pgf@yb=\dimen134
\pgf@xc=\dimen135
\pgf@yc=\dimen136
\w@pgf@writea=\write3
\r@pgf@reada=\read1
\c@pgf@counta=\count112
\c@pgf@countb=\count113
\c@pgf@countc=\count114
\c@pgf@countd=\count115
\t@pgf@toka=\toks33
\t@pgf@tokb=\toks34
\t@pgf@tokc=\toks35

(C:\Users\Boy_314\AppData\Roaming\MiKTeX\2.9\tex\generic\pgf\systemlayer\pgf.cf
g
File: pgf.cfg 2008/05/14  (rcs-revision 1.7)
)
Driver file for pgf: pgfsys-pdftex.def

(C:\Users\Boy_314\AppData\Roaming\MiKTeX\2.9\tex\generic\pgf\systemlayer\pgfsys
-pdftex.def
File: pgfsys-pdftex.def 2014/10/11  (rcs-revision 1.35)

(C:\Users\Boy_314\AppData\Roaming\MiKTeX\2.9\tex\generic\pgf\systemlayer\pgfsys
-common-pdf.def
File: pgfsys-common-pdf.def 2013/10/10  (rcs-revision 1.13)
)))
(C:\Users\Boy_314\AppData\Roaming\MiKTeX\2.9\tex\generic\pgf\systemlayer\pgfsys
softpath.code.tex
File: pgfsyssoftpath.code.tex 2013/09/09  (rcs-revision 1.9)
\pgfsyssoftpath@smallbuffer@items=\count116
\pgfsyssoftpath@bigbuffer@items=\count117
)
(C:\Users\Boy_314\AppData\Roaming\MiKTeX\2.9\tex\generic\pgf\systemlayer\pgfsys
protocol.code.tex
File: pgfsysprotocol.code.tex 2006/10/16  (rcs-revision 1.4)
))
(C:\Users\Boy_314\AppData\Roaming\MiKTeX\2.9\tex\latex\xcolor\xcolor.sty
Package: xcolor 2016/05/11 v2.12 LaTeX color extensions (UK)

("C:\Program Files\MiKTeX 2.9\tex\latex\graphics-cfg\color.cfg"
File: color.cfg 2016/01/02 v1.6 sample color configuration
)
Package xcolor Info: Driver file: pdftex.def on input line 225.
Package xcolor Info: Model `cmy' substituted by `cmy0' on input line 1348.
Package xcolor Info: Model `hsb' substituted by `rgb' on input line 1352.
Package xcolor Info: Model `RGB' extended on input line 1364.
Package xcolor Info: Model `HTML' substituted by `rgb' on input line 1366.
Package xcolor Info: Model `Hsb' substituted by `hsb' on input line 1367.
Package xcolor Info: Model `tHsb' substituted by `hsb' on input line 1368.
Package xcolor Info: Model `HSB' substituted by `hsb' on input line 1369.
Package xcolor Info: Model `Gray' substituted by `gray' on input line 1370.
Package xcolor Info: Model `wave' substituted by `hsb' on input line 1371.
)
(C:\Users\Boy_314\AppData\Roaming\MiKTeX\2.9\tex\generic\pgf\basiclayer\pgfcore
.code.tex
Package: pgfcore 2010/04/11 v3.0.1a (rcs-revision 1.7)

(C:\Users\Boy_314\AppData\Roaming\MiKTeX\2.9\tex\generic\pgf\math\pgfmath.code.
tex
(C:\Users\Boy_314\AppData\Roaming\MiKTeX\2.9\tex\generic\pgf\math\pgfmathcalc.c
ode.tex
(C:\Users\Boy_314\AppData\Roaming\MiKTeX\2.9\tex\generic\pgf\math\pgfmathutil.c
ode.tex)
(C:\Users\Boy_314\AppData\Roaming\MiKTeX\2.9\tex\generic\pgf\math\pgfmathparser
.code.tex
\pgfmath@dimen=\dimen137
\pgfmath@count=\count118
\pgfmath@box=\box31
\pgfmath@toks=\toks36
\pgfmath@stack@operand=\toks37
\pgfmath@stack@operation=\toks38
)
(C:\Users\Boy_314\AppData\Roaming\MiKTeX\2.9\tex\generic\pgf\math\pgfmathfuncti
ons.code.tex
(C:\Users\Boy_314\AppData\Roaming\MiKTeX\2.9\tex\generic\pgf\math\pgfmathfuncti
ons.basic.code.tex)
(C:\Users\Boy_314\AppData\Roaming\MiKTeX\2.9\tex\generic\pgf\math\pgfmathfuncti
ons.trigonometric.code.tex)
(C:\Users\Boy_314\AppData\Roaming\MiKTeX\2.9\tex\generic\pgf\math\pgfmathfuncti
ons.random.code.tex)
(C:\Users\Boy_314\AppData\Roaming\MiKTeX\2.9\tex\generic\pgf\math\pgfmathfuncti
ons.comparison.code.tex)
(C:\Users\Boy_314\AppData\Roaming\MiKTeX\2.9\tex\generic\pgf\math\pgfmathfuncti
ons.base.code.tex)
(C:\Users\Boy_314\AppData\Roaming\MiKTeX\2.9\tex\generic\pgf\math\pgfmathfuncti
ons.round.code.tex)
(C:\Users\Boy_314\AppData\Roaming\MiKTeX\2.9\tex\generic\pgf\math\pgfmathfuncti
ons.misc.code.tex)
(C:\Users\Boy_314\AppData\Roaming\MiKTeX\2.9\tex\generic\pgf\math\pgfmathfuncti
ons.integerarithmetics.code.tex)))
(C:\Users\Boy_314\AppData\Roaming\MiKTeX\2.9\tex\generic\pgf\math\pgfmathfloat.
code.tex
\c@pgfmathroundto@lastzeros=\count119
))
(C:\Users\Boy_314\AppData\Roaming\MiKTeX\2.9\tex\generic\pgf\basiclayer\pgfcore
points.code.tex
File: pgfcorepoints.code.tex 2013/10/07  (rcs-revision 1.27)
\pgf@picminx=\dimen138
\pgf@picmaxx=\dimen139
\pgf@picminy=\dimen140
\pgf@picmaxy=\dimen141
\pgf@pathminx=\dimen142
\pgf@pathmaxx=\dimen143
\pgf@pathminy=\dimen144
\pgf@pathmaxy=\dimen145
\pgf@xx=\dimen146
\pgf@xy=\dimen147
\pgf@yx=\dimen148
\pgf@yy=\dimen149
\pgf@zx=\dimen150
\pgf@zy=\dimen151
)
(C:\Users\Boy_314\AppData\Roaming\MiKTeX\2.9\tex\generic\pgf\basiclayer\pgfcore
pathconstruct.code.tex
File: pgfcorepathconstruct.code.tex 2013/10/07  (rcs-revision 1.29)
\pgf@path@lastx=\dimen152
\pgf@path@lasty=\dimen153
)
(C:\Users\Boy_314\AppData\Roaming\MiKTeX\2.9\tex\generic\pgf\basiclayer\pgfcore
pathusage.code.tex
File: pgfcorepathusage.code.tex 2014/11/02  (rcs-revision 1.24)
\pgf@shorten@end@additional=\dimen154
\pgf@shorten@start@additional=\dimen155
)
(C:\Users\Boy_314\AppData\Roaming\MiKTeX\2.9\tex\generic\pgf\basiclayer\pgfcore
scopes.code.tex
File: pgfcorescopes.code.tex 2015/05/08  (rcs-revision 1.46)
\pgfpic=\box32
\pgf@hbox=\box33
\pgf@layerbox@main=\box34
\pgf@picture@serial@count=\count120
)
(C:\Users\Boy_314\AppData\Roaming\MiKTeX\2.9\tex\generic\pgf\basiclayer\pgfcore
graphicstate.code.tex
File: pgfcoregraphicstate.code.tex 2014/11/02  (rcs-revision 1.12)
\pgflinewidth=\dimen156
)
(C:\Users\Boy_314\AppData\Roaming\MiKTeX\2.9\tex\generic\pgf\basiclayer\pgfcore
transformations.code.tex
File: pgfcoretransformations.code.tex 2015/08/07  (rcs-revision 1.20)
\pgf@pt@x=\dimen157
\pgf@pt@y=\dimen158
\pgf@pt@temp=\dimen159
)
(C:\Users\Boy_314\AppData\Roaming\MiKTeX\2.9\tex\generic\pgf\basiclayer\pgfcore
quick.code.tex
File: pgfcorequick.code.tex 2008/10/09  (rcs-revision 1.3)
)
(C:\Users\Boy_314\AppData\Roaming\MiKTeX\2.9\tex\generic\pgf\basiclayer\pgfcore
objects.code.tex
File: pgfcoreobjects.code.tex 2006/10/11  (rcs-revision 1.2)
)
(C:\Users\Boy_314\AppData\Roaming\MiKTeX\2.9\tex\generic\pgf\basiclayer\pgfcore
pathprocessing.code.tex
File: pgfcorepathprocessing.code.tex 2013/09/09  (rcs-revision 1.9)
)
(C:\Users\Boy_314\AppData\Roaming\MiKTeX\2.9\tex\generic\pgf\basiclayer\pgfcore
arrows.code.tex
File: pgfcorearrows.code.tex 2015/05/14  (rcs-revision 1.43)
\pgfarrowsep=\dimen160
)
(C:\Users\Boy_314\AppData\Roaming\MiKTeX\2.9\tex\generic\pgf\basiclayer\pgfcore
shade.code.tex
File: pgfcoreshade.code.tex 2013/07/15  (rcs-revision 1.15)
\pgf@max=\dimen161
\pgf@sys@shading@range@num=\count121
)
(C:\Users\Boy_314\AppData\Roaming\MiKTeX\2.9\tex\generic\pgf\basiclayer\pgfcore
image.code.tex
File: pgfcoreimage.code.tex 2013/07/15  (rcs-revision 1.18)

(C:\Users\Boy_314\AppData\Roaming\MiKTeX\2.9\tex\generic\pgf\basiclayer\pgfcore
external.code.tex
File: pgfcoreexternal.code.tex 2014/07/09  (rcs-revision 1.21)
\pgfexternal@startupbox=\box35
))
(C:\Users\Boy_314\AppData\Roaming\MiKTeX\2.9\tex\generic\pgf\basiclayer\pgfcore
layers.code.tex
File: pgfcorelayers.code.tex 2013/07/18  (rcs-revision 1.7)
)
(C:\Users\Boy_314\AppData\Roaming\MiKTeX\2.9\tex\generic\pgf\basiclayer\pgfcore
transparency.code.tex
File: pgfcoretransparency.code.tex 2013/09/30  (rcs-revision 1.5)
)
(C:\Users\Boy_314\AppData\Roaming\MiKTeX\2.9\tex\generic\pgf\basiclayer\pgfcore
patterns.code.tex
File: pgfcorepatterns.code.tex 2013/11/07  (rcs-revision 1.5)
)))
(C:\Users\Boy_314\AppData\Roaming\MiKTeX\2.9\tex\generic\pgf\modules\pgfmodules
hapes.code.tex
File: pgfmoduleshapes.code.tex 2014/03/21  (rcs-revision 1.35)
\pgfnodeparttextbox=\box36
)
(C:\Users\Boy_314\AppData\Roaming\MiKTeX\2.9\tex\generic\pgf\modules\pgfmodulep
lot.code.tex
File: pgfmoduleplot.code.tex 2015/08/03  (rcs-revision 1.13)
)
(C:\Users\Boy_314\AppData\Roaming\MiKTeX\2.9\tex\latex\pgf\compatibility\pgfcom
p-version-0-65.sty
Package: pgfcomp-version-0-65 2007/07/03 v3.0.1a (rcs-revision 1.7)
\pgf@nodesepstart=\dimen162
\pgf@nodesepend=\dimen163
)
(C:\Users\Boy_314\AppData\Roaming\MiKTeX\2.9\tex\latex\pgf\compatibility\pgfcom
p-version-1-18.sty
Package: pgfcomp-version-1-18 2007/07/23 v3.0.1a (rcs-revision 1.1)
))
(C:\Users\Boy_314\AppData\Roaming\MiKTeX\2.9\tex\latex\pgf\utilities\pgffor.sty

(C:\Users\Boy_314\AppData\Roaming\MiKTeX\2.9\tex\latex\pgf\utilities\pgfkeys.st
y
(C:\Users\Boy_314\AppData\Roaming\MiKTeX\2.9\tex\generic\pgf\utilities\pgfkeys.
code.tex))
(C:\Users\Boy_314\AppData\Roaming\MiKTeX\2.9\tex\latex\pgf\math\pgfmath.sty
(C:\Users\Boy_314\AppData\Roaming\MiKTeX\2.9\tex\generic\pgf\math\pgfmath.code.
tex))
(C:\Users\Boy_314\AppData\Roaming\MiKTeX\2.9\tex\generic\pgf\utilities\pgffor.c
ode.tex
Package: pgffor 2013/12/13 v3.0.1a (rcs-revision 1.25)

(C:\Users\Boy_314\AppData\Roaming\MiKTeX\2.9\tex\generic\pgf\math\pgfmath.code.
tex)
\pgffor@iter=\dimen164
\pgffor@skip=\dimen165
\pgffor@stack=\toks39
\pgffor@toks=\toks40
))
(C:\Users\Boy_314\AppData\Roaming\MiKTeX\2.9\tex\generic\pgf\frontendlayer\tikz
\tikz.code.tex
Package: tikz 2015/08/07 v3.0.1a (rcs-revision 1.151)

(C:\Users\Boy_314\AppData\Roaming\MiKTeX\2.9\tex\generic\pgf\libraries\pgflibra
ryplothandlers.code.tex
File: pgflibraryplothandlers.code.tex 2013/08/31 v3.0.1a (rcs-revision 1.20)
\pgf@plot@mark@count=\count122
\pgfplotmarksize=\dimen166
)
\tikz@lastx=\dimen167
\tikz@lasty=\dimen168
\tikz@lastxsaved=\dimen169
\tikz@lastysaved=\dimen170
\tikzleveldistance=\dimen171
\tikzsiblingdistance=\dimen172
\tikz@figbox=\box37
\tikz@figbox@bg=\box38
\tikz@tempbox=\box39
\tikz@tempbox@bg=\box40
\tikztreelevel=\count123
\tikznumberofchildren=\count124
\tikznumberofcurrentchild=\count125
\tikz@fig@count=\count126

(C:\Users\Boy_314\AppData\Roaming\MiKTeX\2.9\tex\generic\pgf\modules\pgfmodulem
atrix.code.tex
File: pgfmodulematrix.code.tex 2013/09/17  (rcs-revision 1.8)
\pgfmatrixcurrentrow=\count127
\pgfmatrixcurrentcolumn=\count128
\pgf@matrix@numberofcolumns=\count129
)
\tikz@expandcount=\count130

(C:\Users\Boy_314\AppData\Roaming\MiKTeX\2.9\tex\generic\pgf\frontendlayer\tikz
\libraries\tikzlibrarytopaths.code.tex
File: tikzlibrarytopaths.code.tex 2008/06/17 v3.0.1a (rcs-revision 1.2)
)))
(C:\Users\Boy_314\AppData\Roaming\MiKTeX\2.9\tex\generic\pgf\frontendlayer\tikz
\libraries\tikzlibrarytrees.code.tex
File: tikzlibrarytrees.code.tex 2008/02/24 v3.0.1a (rcs-revision 1.2)
) ("problem set 3.aux")
\openout1 = `"problem set 3.aux"'.

LaTeX Font Info:    Checking defaults for OML/cmm/m/it on input line 13.
LaTeX Font Info:    ... okay on input line 13.
LaTeX Font Info:    Checking defaults for T1/cmr/m/n on input line 13.
LaTeX Font Info:    ... okay on input line 13.
LaTeX Font Info:    Checking defaults for OT1/cmr/m/n on input line 13.
LaTeX Font Info:    ... okay on input line 13.
LaTeX Font Info:    Checking defaults for OMS/cmsy/m/n on input line 13.
LaTeX Font Info:    ... okay on input line 13.
LaTeX Font Info:    Checking defaults for OMX/cmex/m/n on input line 13.
LaTeX Font Info:    ... okay on input line 13.
LaTeX Font Info:    Checking defaults for U/cmr/m/n on input line 13.
LaTeX Font Info:    ... okay on input line 13.

*geometry* driver: auto-detecting
*geometry* detected driver: pdftex
*geometry* verbose mode - [ preamble ] result:
* driver: pdftex
* paper: <default>
* layout: <same size as paper>
* layoutoffset:(h,v)=(0.0pt,0.0pt)
* modes: 
* h-part:(L,W,R)=(72.26999pt, 469.75502pt, 72.26999pt)
* v-part:(T,H,B)=(72.26999pt, 650.43001pt, 72.26999pt)
* \paperwidth=614.295pt
* \paperheight=794.96999pt
* \textwidth=469.75502pt
* \textheight=650.43001pt
* \oddsidemargin=0.0pt
* \evensidemargin=0.0pt
* \topmargin=-37.0pt
* \headheight=12.0pt
* \headsep=25.0pt
* \topskip=10.0pt
* \footskip=30.0pt
* \marginparwidth=65.0pt
* \marginparsep=11.0pt
* \columnsep=10.0pt
* \skip\footins=9.0pt plus 4.0pt minus 2.0pt
* \hoffset=0.0pt
* \voffset=0.0pt
* \mag=1000
* \@twocolumnfalse
* \@twosidefalse
* \@mparswitchfalse
* \@reversemarginfalse
* (1in=72.27pt=25.4mm, 1cm=28.453pt)

LaTeX Info: Redefining \microtypecontext on input line 13.
Package microtype Info: Generating PDF output.
Package microtype Info: Character protrusion enabled (level 2).
Package microtype Info: Using default protrusion set `alltext'.
Package microtype Info: Automatic font expansion enabled (level 2),
(microtype)             stretch: 20, shrink: 20, step: 1, non-selected.
Package microtype Info: Using default expansion set `basictext'.
Package microtype Info: No adjustment of tracking.
Package microtype Info: No adjustment of interword spacing.
Package microtype Info: No adjustment of character kerning.
(C:\Users\Boy_314\AppData\Roaming\MiKTeX\2.9\tex\latex\microtype\mt-cmr.cfg
File: mt-cmr.cfg 2013/05/19 v2.2 microtype config. file: Computer Modern Roman 
(RS)
)
\c@lstlisting=\count131

ABD: EveryShipout initializing macros
(C:\Users\Boy_314\AppData\Roaming\MiKTeX\2.9\tex\context\base\supp-pdf.mkii
[Loading MPS to PDF converter (version 2006.09.02).]
\scratchcounter=\count132
\scratchdimen=\dimen173
\scratchbox=\box41
\nofMPsegments=\count133
\nofMParguments=\count134
\everyMPshowfont=\toks41
\MPscratchCnt=\count135
\MPscratchDim=\dimen174
\MPnumerator=\count136
\makeMPintoPDFobject=\count137
\everyMPtoPDFconversion=\toks42
) ("C:\Program Files\MiKTeX 2.9\tex\latex\oberdiek\epstopdf-base.sty"
Package: epstopdf-base 2016/05/15 v2.6 Base part for package epstopdf

("C:\Program Files\MiKTeX 2.9\tex\generic\oberdiek\infwarerr.sty"
Package: infwarerr 2016/05/16 v1.4 Providing info/warning/error messages (HO)
)
("C:\Program Files\MiKTeX 2.9\tex\latex\oberdiek\grfext.sty"
Package: grfext 2016/05/16 v1.2 Manage graphics extensions (HO)

("C:\Program Files\MiKTeX 2.9\tex\generic\oberdiek\kvdefinekeys.sty"
Package: kvdefinekeys 2016/05/16 v1.4 Define keys (HO)

("C:\Program Files\MiKTeX 2.9\tex\generic\oberdiek\ltxcmds.sty"
Package: ltxcmds 2016/05/16 v1.23 LaTeX kernel commands for general use (HO)
)))
("C:\Program Files\MiKTeX 2.9\tex\latex\oberdiek\kvoptions.sty"
Package: kvoptions 2016/05/16 v3.12 Key value format for package options (HO)

("C:\Program Files\MiKTeX 2.9\tex\generic\oberdiek\kvsetkeys.sty"
Package: kvsetkeys 2016/05/16 v1.17 Key value parser (HO)

("C:\Program Files\MiKTeX 2.9\tex\generic\oberdiek\etexcmds.sty"
Package: etexcmds 2016/05/16 v1.6 Avoid name clashes with e-TeX commands (HO)

("C:\Program Files\MiKTeX 2.9\tex\generic\oberdiek\ifluatex.sty"
Package: ifluatex 2016/05/16 v1.4 Provides the ifluatex switch (HO)
Package ifluatex Info: LuaTeX not detected.
)
Package etexcmds Info: Could not find \expanded.
(etexcmds)             That can mean that you are not using pdfTeX 1.50 or
(etexcmds)             that some package has redefined \expanded.
(etexcmds)             In the latter case, load this package earlier.
)))
("C:\Program Files\MiKTeX 2.9\tex\generic\oberdiek\pdftexcmds.sty"
Package: pdftexcmds 2017/03/19 v0.25 Utility functions of pdfTeX for LuaTeX (HO
)
Package pdftexcmds Info: LuaTeX not detected.
Package pdftexcmds Info: \pdf@primitive is available.
Package pdftexcmds Info: \pdf@ifprimitive is available.
Package pdftexcmds Info: \pdfdraftmode found.
)
Package epstopdf-base Info: Redefining graphics rule for `.eps' on input line 4
38.
Package grfext Info: Graphics extension search list:
(grfext)             [.pdf,.png,.jpg,.mps,.jpeg,.jbig2,.jb2,.PDF,.PNG,.JPG,.JPE
G,.JBIG2,.JB2,.eps]
(grfext)             \AppendGraphicsExtensions on input line 456.
)
LaTeX Font Info:    Try loading font information for U+wasy on input line 17.

(C:\Users\Boy_314\AppData\Roaming\MiKTeX\2.9\tex\latex\wasysym\uwasy.fd
File: uwasy.fd 2003/10/30 v2.0 Wasy-2 symbol font definitions
)
LaTeX Font Info:    Try loading font information for U+msa on input line 17.

("C:\Program Files\MiKTeX 2.9\tex\latex\amsfonts\umsa.fd"
File: umsa.fd 2013/01/14 v3.01 AMS symbols A
)
(C:\Users\Boy_314\AppData\Roaming\MiKTeX\2.9\tex\latex\microtype\mt-msa.cfg
File: mt-msa.cfg 2006/02/04 v1.1 microtype config. file: AMS symbols (a) (RS)
)
LaTeX Font Info:    Try loading font information for U+msb on input line 17.

("C:\Program Files\MiKTeX 2.9\tex\latex\amsfonts\umsb.fd"
File: umsb.fd 2013/01/14 v3.01 AMS symbols B
)
(C:\Users\Boy_314\AppData\Roaming\MiKTeX\2.9\tex\latex\microtype\mt-msb.cfg
File: mt-msb.cfg 2005/06/01 v1.0 microtype config. file: AMS symbols (b) (RS)
)
Underfull \hbox (badness 10000) in paragraph at lines 26--28

 []


Package amsmath Warning: Foreign command \atopwithdelims;
(amsmath)                \frac or \genfrac should be used instead
(amsmath)                 on input line 28.

[1

{C:/Users/Boy_314/AppData/Local/MiKTeX/2.9/pdftex/config/pdftex.map}]
("problem set 3.aux") ) 
Here is how much of TeX's memory you used:
 15759 strings out of 493312
 300320 string characters out of 3138892
 377968 words of memory out of 3000000
 18984 multiletter control sequences out of 15000+200000
 12377 words of font info for 58 fonts, out of 3000000 for 9000
 1141 hyphenation exceptions out of 8191
 55i,8n,54p,481b,247s stack positions out of 5000i,500n,10000p,200000b,50000s
<C:/Program Files/MiKTeX 2.9/fonts/type1/public/amsfonts
/cm/cmbx10.pfb><C:/Program Files/MiKTeX 2.9/fonts/type1/public/amsfonts/cm/cmex
10.pfb><C:/Program Files/MiKTeX 2.9/fonts/type1/public/amsfonts/cm/cmmi10.pfb><
C:/Program Files/MiKTeX 2.9/fonts/type1/public/amsfonts/cm/cmmi7.pfb><C:/Progra
m Files/MiKTeX 2.9/fonts/type1/public/amsfonts/cm/cmr10.pfb><C:/Program Files/M
iKTeX 2.9/fonts/type1/public/amsfonts/cm/cmr12.pfb><C:/Program Files/MiKTeX 2.9
/fonts/type1/public/amsfonts/cm/cmr17.pfb><C:/Program Files/MiKTeX 2.9/fonts/ty
pe1/public/amsfonts/cm/cmr7.pfb><C:/Program Files/MiKTeX 2.9/fonts/type1/public
/amsfonts/cm/cmsy10.pfb>
Output written on "problem set 3.pdf" (1 page, 99771 bytes).
PDF statistics:
 45 PDF objects out of 1000 (max. 8388607)
 0 named destinations out of 1000 (max. 500000)
 8717 words of extra memory for PDF output out of 10000 (max. 10000000)

